<?xml version="1.0" encoding="UTF-8"?>
<!-- Generated by org.testng.reporters.JUnitReportReporter -->
<testsuite hostname="PROBOOK" failures="0" tests="1" name="testscripts.Registertest" time="23.561" errors="0" timestamp="2023-12-24T12:52:15 IST" skipped="0">
  <testcase classname="testscripts.Registertest" name="register" time="23.561"/>
  <system-out>
    <![CDATA[connect to database
before test
Before class
login
log out
aftertest
close connection to database]]>
  </system-out>
</testsuite> <!-- testscripts.Registertest -->
